2025-12-25 17:14:13,798 [INFO] [TEST MODE] 测试模式已启用
2025-12-25 17:14:13,799 [INFO] ==================================================
2025-12-25 17:14:13,799 [INFO] 初始化币安量化交易系统 v2.0
2025-12-25 17:14:13,799 [INFO] ==================================================
2025-12-25 17:14:22,320 [INFO] 账户余额: 133793.77 USDT
2025-12-25 17:14:22,320 [INFO] 开始评分币对...
2025-12-25 17:14:24,299 [INFO] 已选择 11 个高评分币对
2025-12-25 17:14:24,300 [INFO] Top 5: CFX/USDT, BTC/USDT, SOL/USDT, XRP/USDT, BNB/USDT
2025-12-25 17:14:24,300 [INFO] 开始评估策略...
2025-12-25 17:14:25,777 [INFO] RSI_STRATEGY Sharpe: 10.52
2025-12-25 17:14:25,787 [INFO] MEAN_REVERSION_STRATEGY Sharpe: -649.59
2025-12-25 17:14:25,820 [INFO] MA_CROSS_STRATEGY Sharpe: -17.22
2025-12-25 17:14:26,243 [INFO] BREAKOUT_STRATEGY Sharpe: -999.00
2025-12-25 17:14:26,243 [INFO] 最佳策略: RSI_STRATEGY
2025-12-25 17:14:26,257 [INFO] 
============================================================
2025-12-25 17:14:26,257 [INFO] 系统健康检查
2025-12-25 17:14:26,257 [INFO] ============================================================
2025-12-25 17:14:26,410 [INFO] [OK] API连接正常
2025-12-25 17:14:26,411 [INFO] [OK] 数据库正常 (持仓:0)
2025-12-25 17:14:26,793 [INFO] [OK] 余额充足: 133793.77 USDT
2025-12-25 17:14:26,793 [INFO] [OK] 持仓检查完成: 0个
2025-12-25 17:14:26,793 [WARNING] [WARN] 策略表现差: MEAN_REVERSION_STRATEGY(Sharpe:-649.59), MA_CROSS_STRATEGY(Sharpe:-17.22), BREAKOUT_STRATEGY(Sharpe:-999.00)
2025-12-25 17:14:26,794 [INFO] [N/A] ML功能未启用
2025-12-25 17:14:26,794 [WARNING] 发现问题: strategies: WARN, ml_models: N/A
2025-12-25 17:14:26,794 [INFO] ============================================================

2025-12-25 17:14:26,794 [WARNING] 系统存在问题,请检查上述警告
2025-12-25 17:14:26,794 [INFO] [START] 系统启动成功

2025-12-25 17:14:26,794 [INFO] 
============================================================
2025-12-25 17:14:26,794 [INFO] 第 1 次扫描 - 17:14:26
2025-12-25 17:14:26,794 [INFO] ============================================================
2025-12-25 17:15:29,162 [INFO] 
============================================================
2025-12-25 17:15:29,162 [INFO] 第 2 次扫描 - 17:15:29
2025-12-25 17:15:29,163 [INFO] ============================================================
2025-12-25 17:16:33,791 [INFO] 
============================================================
2025-12-25 17:16:33,791 [INFO] 第 3 次扫描 - 17:16:33
2025-12-25 17:16:33,791 [INFO] ============================================================
2025-12-25 17:17:34,063 [INFO] 
============================================================
2025-12-25 17:17:34,063 [INFO] 第 4 次扫描 - 17:17:34
2025-12-25 17:17:34,063 [INFO] ============================================================
2025-12-25 17:17:57,138 [INFO] [TEST MODE] 测试模式已启用
2025-12-25 17:17:57,138 [INFO] ==================================================
2025-12-25 17:17:57,138 [INFO] 初始化币安量化交易系统 v2.0
2025-12-25 17:17:57,138 [INFO] ==================================================
2025-12-25 17:18:10,116 [INFO] 账户余额: 133793.77 USDT
2025-12-25 17:18:10,116 [INFO] 开始评分币对...
2025-12-25 17:18:11,260 [INFO] 已选择 11 个高评分币对
2025-12-25 17:18:11,261 [INFO] Top 5: CFX/USDT, BTC/USDT, SOL/USDT, XRP/USDT, ETH/USDT
2025-12-25 17:18:11,261 [INFO] 开始评估策略...
2025-12-25 17:18:12,341 [INFO] [BACKTEST] CFX/USDT-RSI_STRATEGY | Sharpe:3.93 收益:+28.94% 胜率:69.2% 交易:26次 综合分:92.36
2025-12-25 17:18:12,454 [INFO] [BACKTEST] CFX/USDT-MA_CROSS_STRATEGY | Sharpe:-12.09 收益:-20.82% 胜率:8.3% 交易:12次 综合分:0.97
2025-12-25 17:18:13,018 [INFO] [BACKTEST] BTC/USDT-RSI_STRATEGY | Sharpe:-2.45 收益:-4.30% 胜率:45.5% 交易:11次 综合分:16.66
2025-12-25 17:18:13,782 [INFO] [BACKTEST] BTC/USDT-MA_CROSS_STRATEGY | Sharpe:-13.48 收益:-12.19% 胜率:9.1% 交易:11次 综合分:5.58
2025-12-25 17:18:13,817 [INFO] [BACKTEST] SOL/USDT-RSI_STRATEGY | Sharpe:11.20 收益:+53.64% 胜率:76.5% 交易:17次 综合分:94.91
2025-12-25 17:18:13,818 [INFO] RSI_STRATEGY Sharpe: 4.23
2025-12-25 17:18:13,824 [INFO] [BACKTEST] CFX/USDT-MEAN_REVERSION_STRATEGY | Sharpe:-0.29 收益:-0.62% 胜率:60.0% 交易:5次 综合分:21.34
2025-12-25 17:18:13,837 [INFO] [BACKTEST] SOL/USDT-MEAN_REVERSION_STRATEGY | Sharpe:14.73 收益:+9.95% 胜率:100.0% 交易:5次 综合分:79.84
2025-12-25 17:18:13,838 [INFO] MEAN_REVERSION_STRATEGY Sharpe: 1.48
2025-12-25 17:18:15,032 [INFO] [BACKTEST] SOL/USDT-MA_CROSS_STRATEGY | Sharpe:-15.69 收益:-14.57% 胜率:14.3% 交易:7次 综合分:5.41
2025-12-25 17:18:15,032 [INFO] MA_CROSS_STRATEGY Sharpe: -13.75
2025-12-25 17:18:16,118 [INFO] [BACKTEST] CFX/USDT-BREAKOUT_STRATEGY | Sharpe:-1.08 收益:-3.03% 胜率:33.3% 交易:9次 综合分:14.65
2025-12-25 17:18:16,133 [INFO] [BACKTEST] SOL/USDT-BREAKOUT_STRATEGY | Sharpe:-2.17 收益:-5.63% 胜率:33.3% 交易:9次 综合分:13.40
2025-12-25 17:18:16,133 [INFO] BREAKOUT_STRATEGY Sharpe: -4.42
2025-12-25 17:18:16,133 [INFO] 最佳策略: RSI_STRATEGY
2025-12-25 17:18:16,136 [INFO] 
============================================================
2025-12-25 17:18:16,136 [INFO] 系统健康检查
2025-12-25 17:18:16,136 [INFO] ============================================================
2025-12-25 17:18:16,311 [INFO] [OK] API连接正常
2025-12-25 17:18:16,311 [INFO] [OK] 数据库正常 (持仓:0)
2025-12-25 17:18:16,526 [INFO] [OK] 余额充足: 133793.77 USDT
2025-12-25 17:18:16,527 [INFO] [OK] 持仓检查完成: 0个
2025-12-25 17:18:16,527 [WARNING] [WARN] 策略表现差: MA_CROSS_STRATEGY(Sharpe:-13.75)
2025-12-25 17:18:16,527 [INFO] [N/A] ML功能未启用
2025-12-25 17:18:16,527 [WARNING] 发现问题: strategies: WARN, ml_models: N/A
2025-12-25 17:18:16,527 [INFO] ============================================================

2025-12-25 17:18:16,528 [WARNING] 系统存在问题,请检查上述警告
2025-12-25 17:18:16,528 [INFO] [START] 系统启动成功

2025-12-25 17:18:16,528 [INFO] 
============================================================
2025-12-25 17:18:16,528 [INFO] 第 1 次扫描 - 17:18:16
2025-12-25 17:18:16,528 [INFO] ============================================================
2025-12-25 17:19:21,818 [INFO] 
============================================================
2025-12-25 17:19:21,819 [INFO] 第 2 次扫描 - 17:19:21
2025-12-25 17:19:21,819 [INFO] ============================================================
2025-12-25 17:20:39,103 [INFO] [TEST MODE] 测试模式已启用
2025-12-25 17:20:39,103 [INFO] ==================================================
2025-12-25 17:20:39,103 [INFO] 初始化币安量化交易系统 v2.0
2025-12-25 17:20:39,103 [INFO] ==================================================
2025-12-25 17:21:00,491 [INFO] 账户余额: 133793.77 USDT
2025-12-25 17:21:00,492 [INFO] 开始评分币对...
2025-12-25 17:21:45,308 [ERROR] 获取行情失败: binance GET https://testnet.binance.vision/api/v3/ticker/24hr
2025-12-25 17:21:45,310 [ERROR] 未找到合适的交易对!
2025-12-25 17:21:45,311 [ERROR] 初始化失败
